[ 2015-05-05T15:26:09+08:00 ] 0.0.0.0 /wish/index.php
INFO: [ app_begin ] --START--
INFO: ReadHtmlCache Behavior ::run [ RunTime:0.002046s ]
INFO: [ app_begin ] --END-- [ RunTime:0.002360s ]
INFO: [ view_parse ] --START--
INFO: ParseTemplate Behavior ::run [ RunTime:0.017947s ]
INFO: [ view_parse ] --END-- [ RunTime:0.018234s ]
INFO: [ view_filter ] --START--
NOTIC: [8] Use of undefined constant APP_TMPL_PATH - assumed 'APP_TMPL_PATH' D:\wamp\www\wish\ThinkPHP\Lib\Behavior\ContentReplaceBehavior.class.php 第 40 行.
NOTIC: [8] Use of undefined constant APP_TMPL_PATH - assumed 'APP_TMPL_PATH' D:\wamp\www\wish\ThinkPHP\Lib\Behavior\ContentReplaceBehavior.class.php 第 47 行.
INFO: ContentReplace Behavior ::run [ RunTime:0.001790s ]
INFO: TokenBuild Behavior ::run [ RunTime:0.001672s ]
INFO: WriteHtmlCache Behavior ::run [ RunTime:0.001295s ]
INFO: ShowRuntime Behavior ::run [ RunTime:0.001642s ]
INFO: [ view_filter ] --END-- [ RunTime:0.007056s ]
INFO: [ view_end ] --START--
INFO: ShowPageTrace Behavior ::run [ RunTime:0.001993s ]
INFO: [ view_end ] --END-- [ RunTime:0.002245s ]

[ 2015-05-05T15:27:35+08:00 ] 0.0.0.0 /wish/index.php
INFO: [ app_begin ] --START--
INFO: ReadHtmlCache Behavior ::run [ RunTime:0.002042s ]
INFO: [ app_begin ] --END-- [ RunTime:0.002342s ]
INFO: [ view_parse ] --START--
INFO: ParseTemplate Behavior ::run [ RunTime:0.003212s ]
INFO: [ view_parse ] --END-- [ RunTime:0.003534s ]
INFO: [ view_filter ] --START--
NOTIC: [8] Use of undefined constant APP_TMPL_PATH - assumed 'APP_TMPL_PATH' D:\wamp\www\wish\ThinkPHP\Lib\Behavior\ContentReplaceBehavior.class.php 第 40 行.
NOTIC: [8] Use of undefined constant APP_TMPL_PATH - assumed 'APP_TMPL_PATH' D:\wamp\www\wish\ThinkPHP\Lib\Behavior\ContentReplaceBehavior.class.php 第 47 行.
INFO: ContentReplace Behavior ::run [ RunTime:0.001789s ]
INFO: TokenBuild Behavior ::run [ RunTime:0.001609s ]
INFO: WriteHtmlCache Behavior ::run [ RunTime:0.001477s ]
INFO: ShowRuntime Behavior ::run [ RunTime:0.002705s ]
INFO: [ view_filter ] --END-- [ RunTime:0.008199s ]
INFO: [ view_end ] --START--
INFO: ShowPageTrace Behavior ::run [ RunTime:0.001954s ]
INFO: [ view_end ] --END-- [ RunTime:0.002239s ]

[ 2015-05-05T15:28:37+08:00 ] 0.0.0.0 /wish/index.php
INFO: [ app_begin ] --START--
INFO: ReadHtmlCache Behavior ::run [ RunTime:0.002537s ]
INFO: [ app_begin ] --END-- [ RunTime:0.002905s ]
INFO: [ view_parse ] --START--
INFO: ParseTemplate Behavior ::run [ RunTime:0.030981s ]
INFO: [ view_parse ] --END-- [ RunTime:0.031323s ]
INFO: [ view_filter ] --START--
INFO: ContentReplace Behavior ::run [ RunTime:0.001771s ]
INFO: TokenBuild Behavior ::run [ RunTime:0.001747s ]
INFO: WriteHtmlCache Behavior ::run [ RunTime:0.001431s ]
INFO: ShowRuntime Behavior ::run [ RunTime:0.001955s ]
INFO: [ view_filter ] --END-- [ RunTime:0.007702s ]
INFO: [ view_end ] --START--
INFO: ShowPageTrace Behavior ::run [ RunTime:0.002145s ]
INFO: [ view_end ] --END-- [ RunTime:0.002423s ]

[ 2015-05-05T15:30:24+08:00 ] 0.0.0.0 /wish/index.php
INFO: [ app_begin ] --START--
INFO: ReadHtmlCache Behavior ::run [ RunTime:0.002041s ]
INFO: [ app_begin ] --END-- [ RunTime:0.002321s ]
INFO: [ view_parse ] --START--
INFO: ParseTemplate Behavior ::run [ RunTime:0.021190s ]
INFO: [ view_parse ] --END-- [ RunTime:0.021543s ]
INFO: [ view_filter ] --START--
INFO: ContentReplace Behavior ::run [ RunTime:0.002270s ]
INFO: TokenBuild Behavior ::run [ RunTime:0.001768s ]
INFO: WriteHtmlCache Behavior ::run [ RunTime:0.001390s ]
INFO: ShowRuntime Behavior ::run [ RunTime:0.001861s ]
INFO: [ view_filter ] --END-- [ RunTime:0.008129s ]
INFO: [ view_end ] --START--
INFO: ShowPageTrace Behavior ::run [ RunTime:0.002079s ]
INFO: [ view_end ] --END-- [ RunTime:0.002335s ]

[ 2015-05-05T15:32:23+08:00 ] 0.0.0.0 /wish/index.php
INFO: [ app_begin ] --START--
INFO: ReadHtmlCache Behavior ::run [ RunTime:0.001948s ]
INFO: [ app_begin ] --END-- [ RunTime:0.002234s ]
INFO: [ view_parse ] --START--
INFO: ParseTemplate Behavior ::run [ RunTime:0.019582s ]
INFO: [ view_parse ] --END-- [ RunTime:0.019856s ]
INFO: [ view_filter ] --START--
INFO: ContentReplace Behavior ::run [ RunTime:0.001471s ]
INFO: TokenBuild Behavior ::run [ RunTime:0.001477s ]
INFO: WriteHtmlCache Behavior ::run [ RunTime:0.001158s ]
INFO: ShowRuntime Behavior ::run [ RunTime:0.001607s ]
INFO: [ view_filter ] --END-- [ RunTime:0.006343s ]
INFO: [ view_end ] --START--
INFO: ShowPageTrace Behavior ::run [ RunTime:0.001891s ]
INFO: [ view_end ] --END-- [ RunTime:0.002144s ]

[ 2015-05-05T15:32:57+08:00 ] 0.0.0.0 /wish/index.php
INFO: [ app_begin ] --START--
INFO: ReadHtmlCache Behavior ::run [ RunTime:0.001729s ]
INFO: [ app_begin ] --END-- [ RunTime:0.001961s ]
INFO: [ view_parse ] --START--
INFO: ParseTemplate Behavior ::run [ RunTime:0.017222s ]
INFO: [ view_parse ] --END-- [ RunTime:0.017462s ]
INFO: [ view_filter ] --START--
INFO: ContentReplace Behavior ::run [ RunTime:0.001823s ]
INFO: TokenBuild Behavior ::run [ RunTime:0.001372s ]
INFO: WriteHtmlCache Behavior ::run [ RunTime:0.001162s ]
INFO: ShowRuntime Behavior ::run [ RunTime:0.001502s ]
INFO: [ view_filter ] --END-- [ RunTime:0.006417s ]
INFO: [ view_end ] --START--
INFO: ShowPageTrace Behavior ::run [ RunTime:0.001740s ]
INFO: [ view_end ] --END-- [ RunTime:0.001959s ]

[ 2015-05-05T15:33:15+08:00 ] 0.0.0.0 /wish/index.php
INFO: [ app_begin ] --START--
INFO: ReadHtmlCache Behavior ::run [ RunTime:0.001590s ]
INFO: [ app_begin ] --END-- [ RunTime:0.001810s ]
ERR: 模板不存在[./Index/Tpl/Index/wish.html]

[ 2015-05-05T15:33:40+08:00 ] 0.0.0.0 /wish/index.php
INFO: [ app_begin ] --START--
INFO: ReadHtmlCache Behavior ::run [ RunTime:0.002247s ]
INFO: [ app_begin ] --END-- [ RunTime:0.002561s ]
INFO: [ view_parse ] --START--
INFO: ParseTemplate Behavior ::run [ RunTime:0.025262s ]
INFO: [ view_parse ] --END-- [ RunTime:0.025539s ]
INFO: [ view_filter ] --START--
INFO: ContentReplace Behavior ::run [ RunTime:0.001839s ]
INFO: TokenBuild Behavior ::run [ RunTime:0.002012s ]
INFO: WriteHtmlCache Behavior ::run [ RunTime:0.001550s ]
INFO: ShowRuntime Behavior ::run [ RunTime:0.001773s ]
INFO: [ view_filter ] --END-- [ RunTime:0.007843s ]
INFO: [ view_end ] --START--
INFO: ShowPageTrace Behavior ::run [ RunTime:0.001772s ]
INFO: [ view_end ] --END-- [ RunTime:0.001977s ]

[ 2015-05-05T15:33:45+08:00 ] 0.0.0.0 /wish/index.php
INFO: [ app_begin ] --START--
INFO: ReadHtmlCache Behavior ::run [ RunTime:0.002807s ]
INFO: [ app_begin ] --END-- [ RunTime:0.003144s ]
ERR: 模板不存在[./Index/Tpl/Index/wish.htmL]

[ 2015-05-05T15:33:53+08:00 ] 0.0.0.0 /wish/index.php
INFO: [ app_begin ] --START--
INFO: ReadHtmlCache Behavior ::run [ RunTime:0.001435s ]
INFO: [ app_begin ] --END-- [ RunTime:0.001689s ]
ERR: 模板不存在[./Index/Tpl/Index/wish.html]

[ 2015-05-05T15:33:56+08:00 ] 0.0.0.0 /wish/index.php
INFO: [ app_begin ] --START--
INFO: ReadHtmlCache Behavior ::run [ RunTime:0.001534s ]
INFO: [ app_begin ] --END-- [ RunTime:0.001828s ]
INFO: [ view_parse ] --START--
INFO: ParseTemplate Behavior ::run [ RunTime:0.020799s ]
INFO: [ view_parse ] --END-- [ RunTime:0.021068s ]
INFO: [ view_filter ] --START--
INFO: ContentReplace Behavior ::run [ RunTime:0.001704s ]
INFO: TokenBuild Behavior ::run [ RunTime:0.001629s ]
INFO: WriteHtmlCache Behavior ::run [ RunTime:0.001447s ]
INFO: ShowRuntime Behavior ::run [ RunTime:0.002171s ]
INFO: [ view_filter ] --END-- [ RunTime:0.007602s ]
INFO: [ view_end ] --START--
INFO: ShowPageTrace Behavior ::run [ RunTime:0.002066s ]
INFO: [ view_end ] --END-- [ RunTime:0.002302s ]

[ 2015-05-05T15:35:35+08:00 ] 0.0.0.0 /wish/index.php
INFO: [ app_begin ] --START--
INFO: ReadHtmlCache Behavior ::run [ RunTime:0.002245s ]
INFO: [ app_begin ] --END-- [ RunTime:0.002527s ]
INFO: [ view_parse ] --START--
INFO: ParseTemplate Behavior ::run [ RunTime:0.018924s ]
INFO: [ view_parse ] --END-- [ RunTime:0.019198s ]
INFO: [ view_filter ] --START--
INFO: ContentReplace Behavior ::run [ RunTime:0.001569s ]
INFO: TokenBuild Behavior ::run [ RunTime:0.001633s ]
INFO: WriteHtmlCache Behavior ::run [ RunTime:0.001247s ]
INFO: ShowRuntime Behavior ::run [ RunTime:0.001748s ]
INFO: [ view_filter ] --END-- [ RunTime:0.006824s ]
INFO: [ view_end ] --START--
INFO: ShowPageTrace Behavior ::run [ RunTime:0.002335s ]
INFO: [ view_end ] --END-- [ RunTime:0.002643s ]

[ 2015-05-05T15:47:13+08:00 ] 0.0.0.0 /wish/index.php?m=index&c=index
INFO: [ app_begin ] --START--
INFO: ReadHtmlCache Behavior ::run [ RunTime:0.001887s ]
INFO: [ app_begin ] --END-- [ RunTime:0.002181s ]
ERR: 无法加载模块:index

[ 2015-05-05T15:47:19+08:00 ] 0.0.0.0 /wish/index.php?m=index&a=index
INFO: [ app_begin ] --START--
INFO: ReadHtmlCache Behavior ::run [ RunTime:0.001875s ]
INFO: [ app_begin ] --END-- [ RunTime:0.002138s ]
ERR: 无法加载模块:index

[ 2015-05-05T15:47:40+08:00 ] 0.0.0.0 /wish/index.php?m=Index&a=index
INFO: [ app_begin ] --START--
INFO: ReadHtmlCache Behavior ::run [ RunTime:0.001880s ]
INFO: [ app_begin ] --END-- [ RunTime:0.002151s ]
INFO: [ view_parse ] --START--
INFO: ParseTemplate Behavior ::run [ RunTime:0.020008s ]
INFO: [ view_parse ] --END-- [ RunTime:0.020273s ]
INFO: [ view_filter ] --START--
INFO: ContentReplace Behavior ::run [ RunTime:0.001526s ]
INFO: TokenBuild Behavior ::run [ RunTime:0.001542s ]
INFO: WriteHtmlCache Behavior ::run [ RunTime:0.001251s ]
INFO: ShowRuntime Behavior ::run [ RunTime:0.001730s ]
INFO: [ view_filter ] --END-- [ RunTime:0.006680s ]
INFO: [ view_end ] --START--
INFO: ShowPageTrace Behavior ::run [ RunTime:0.001891s ]
INFO: [ view_end ] --END-- [ RunTime:0.002120s ]

[ 2015-05-05T15:48:02+08:00 ] 0.0.0.0 /wish/index.php/Index/index
INFO: [ route_check ] --START--
INFO: CheckRoute Behavior ::run [ RunTime:0.003872s ]
INFO: [ route_check ] --END-- [ RunTime:0.004149s ]
INFO: [ app_begin ] --START--
INFO: ReadHtmlCache Behavior ::run [ RunTime:0.001600s ]
INFO: [ app_begin ] --END-- [ RunTime:0.001836s ]
INFO: [ view_parse ] --START--
INFO: ParseTemplate Behavior ::run [ RunTime:0.021362s ]
INFO: [ view_parse ] --END-- [ RunTime:0.021641s ]
INFO: [ view_filter ] --START--
INFO: ContentReplace Behavior ::run [ RunTime:0.001579s ]
INFO: TokenBuild Behavior ::run [ RunTime:0.001693s ]
INFO: WriteHtmlCache Behavior ::run [ RunTime:0.001355s ]
INFO: ShowRuntime Behavior ::run [ RunTime:0.001957s ]
INFO: [ view_filter ] --END-- [ RunTime:0.007248s ]
INFO: [ view_end ] --START--
INFO: ShowPageTrace Behavior ::run [ RunTime:0.002292s ]
INFO: [ view_end ] --END-- [ RunTime:0.002524s ]

[ 2015-05-05T15:52:01+08:00 ] 0.0.0.0 /wish/index.php/Index/index
INFO: [ route_check ] --START--
INFO: CheckRoute Behavior ::run [ RunTime:0.002019s ]
INFO: [ route_check ] --END-- [ RunTime:0.002245s ]
INFO: [ app_begin ] --START--
INFO: ReadHtmlCache Behavior ::run [ RunTime:0.001389s ]
INFO: [ app_begin ] --END-- [ RunTime:0.001591s ]
INFO: [ view_parse ] --START--
INFO: ParseTemplate Behavior ::run [ RunTime:0.016593s ]
INFO: [ view_parse ] --END-- [ RunTime:0.016813s ]
INFO: [ view_filter ] --START--
INFO: ContentReplace Behavior ::run [ RunTime:0.001276s ]
INFO: TokenBuild Behavior ::run [ RunTime:0.001340s ]
INFO: WriteHtmlCache Behavior ::run [ RunTime:0.001037s ]
INFO: ShowRuntime Behavior ::run [ RunTime:0.001433s ]
INFO: [ view_filter ] --END-- [ RunTime:0.005607s ]
INFO: [ view_end ] --START--
INFO: ShowPageTrace Behavior ::run [ RunTime:0.001602s ]
INFO: [ view_end ] --END-- [ RunTime:0.001786s ]

[ 2015-05-05T15:52:23+08:00 ] 0.0.0.0 /wish/index.php/Index/index
INFO: [ route_check ] --START--
INFO: CheckRoute Behavior ::run [ RunTime:0.003074s ]
INFO: [ route_check ] --END-- [ RunTime:0.003400s ]
INFO: [ app_begin ] --START--
INFO: ReadHtmlCache Behavior ::run [ RunTime:0.002082s ]
INFO: [ app_begin ] --END-- [ RunTime:0.002322s ]

[ 2015-05-05T15:52:44+08:00 ] 0.0.0.0 /wish/index.php/Index/index/uid/1
INFO: [ route_check ] --START--
INFO: CheckRoute Behavior ::run [ RunTime:0.002204s ]
INFO: [ route_check ] --END-- [ RunTime:0.002473s ]
INFO: [ app_begin ] --START--
INFO: ReadHtmlCache Behavior ::run [ RunTime:0.001539s ]
INFO: [ app_begin ] --END-- [ RunTime:0.001779s ]

[ 2015-05-05T15:54:04+08:00 ] 0.0.0.0 /wish/index.php/Index/index/uid/1
INFO: [ route_check ] --START--
INFO: CheckRoute Behavior ::run [ RunTime:0.002256s ]
INFO: [ route_check ] --END-- [ RunTime:0.002529s ]
INFO: [ app_begin ] --START--
INFO: ReadHtmlCache Behavior ::run [ RunTime:0.001203s ]
INFO: [ app_begin ] --END-- [ RunTime:0.001394s ]
INFO: [ view_parse ] --START--
INFO: ParseTemplate Behavior ::run [ RunTime:0.016619s ]
INFO: [ view_parse ] --END-- [ RunTime:0.016901s ]
INFO: [ view_filter ] --START--
INFO: ContentReplace Behavior ::run [ RunTime:0.001314s ]
INFO: TokenBuild Behavior ::run [ RunTime:0.001298s ]
INFO: WriteHtmlCache Behavior ::run [ RunTime:0.001073s ]
INFO: ShowRuntime Behavior ::run [ RunTime:0.001530s ]
INFO: [ view_filter ] --END-- [ RunTime:0.005758s ]
INFO: [ view_end ] --START--
INFO: ShowPageTrace Behavior ::run [ RunTime:0.001722s ]
INFO: [ view_end ] --END-- [ RunTime:0.001920s ]

[ 2015-05-05T15:54:13+08:00 ] 0.0.0.0 /wish/index.php/Index/index/uid/1
INFO: [ route_check ] --START--
INFO: CheckRoute Behavior ::run [ RunTime:0.003658s ]
INFO: [ route_check ] --END-- [ RunTime:0.004001s ]
INFO: [ app_begin ] --START--
INFO: ReadHtmlCache Behavior ::run [ RunTime:0.005200s ]
INFO: [ app_begin ] --END-- [ RunTime:0.005511s ]
INFO: [ view_parse ] --START--
INFO: ParseTemplate Behavior ::run [ RunTime:0.025388s ]
INFO: [ view_parse ] --END-- [ RunTime:0.025734s ]
INFO: [ view_filter ] --START--
INFO: ContentReplace Behavior ::run [ RunTime:0.002003s ]
INFO: TokenBuild Behavior ::run [ RunTime:0.001992s ]
INFO: WriteHtmlCache Behavior ::run [ RunTime:0.001650s ]
INFO: ShowRuntime Behavior ::run [ RunTime:0.002002s ]
INFO: [ view_filter ] --END-- [ RunTime:0.008421s ]
INFO: [ view_end ] --START--
INFO: ShowPageTrace Behavior ::run [ RunTime:0.002514s ]
INFO: [ view_end ] --END-- [ RunTime:0.002795s ]

[ 2015-05-05T15:56:39+08:00 ] 0.0.0.0 /wish/index.php/Index/index/uid/1
INFO: [ route_check ] --START--
INFO: CheckRoute Behavior ::run [ RunTime:0.002646s ]
INFO: [ route_check ] --END-- [ RunTime:0.003052s ]
INFO: [ app_begin ] --START--
INFO: ReadHtmlCache Behavior ::run [ RunTime:0.001755s ]
INFO: [ app_begin ] --END-- [ RunTime:0.001995s ]
INFO: [ view_parse ] --START--
INFO: ParseTemplate Behavior ::run [ RunTime:0.021584s ]
INFO: [ view_parse ] --END-- [ RunTime:0.021899s ]
INFO: [ view_filter ] --START--
INFO: ContentReplace Behavior ::run [ RunTime:0.001638s ]
INFO: TokenBuild Behavior ::run [ RunTime:0.001645s ]
INFO: WriteHtmlCache Behavior ::run [ RunTime:0.001399s ]
INFO: ShowRuntime Behavior ::run [ RunTime:0.001612s ]
INFO: [ view_filter ] --END-- [ RunTime:0.006968s ]
INFO: [ view_end ] --START--
INFO: ShowPageTrace Behavior ::run [ RunTime:0.002209s ]
INFO: [ view_end ] --END-- [ RunTime:0.002464s ]

[ 2015-05-05T18:17:35+08:00 ] 0.0.0.0 /wish/index.php/Index/index/uid/1
INFO: [ route_check ] --START--
INFO: CheckRoute Behavior ::run [ RunTime:0.004556s ]
INFO: [ route_check ] --END-- [ RunTime:0.005435s ]
INFO: [ app_begin ] --START--
INFO: ReadHtmlCache Behavior ::run [ RunTime:0.002581s ]
INFO: [ app_begin ] --END-- [ RunTime:0.002833s ]
INFO: [ view_parse ] --START--
INFO: ParseTemplate Behavior ::run [ RunTime:0.033641s ]
INFO: [ view_parse ] --END-- [ RunTime:0.034048s ]
INFO: [ view_filter ] --START--
INFO: ContentReplace Behavior ::run [ RunTime:0.002166s ]
INFO: TokenBuild Behavior ::run [ RunTime:0.002236s ]
INFO: WriteHtmlCache Behavior ::run [ RunTime:0.002014s ]
INFO: ShowRuntime Behavior ::run [ RunTime:0.002450s ]
INFO: [ view_filter ] --END-- [ RunTime:0.009608s ]
INFO: [ view_end ] --START--
INFO: ShowPageTrace Behavior ::run [ RunTime:0.005807s ]
INFO: [ view_end ] --END-- [ RunTime:0.006135s ]

[ 2015-05-05T18:17:42+08:00 ] 0.0.0.0 /wish/index.php/Index/index/uid/1
INFO: [ route_check ] --START--
INFO: CheckRoute Behavior ::run [ RunTime:0.004071s ]
INFO: [ route_check ] --END-- [ RunTime:0.004587s ]
INFO: [ app_begin ] --START--
INFO: ReadHtmlCache Behavior ::run [ RunTime:0.003649s ]
INFO: [ app_begin ] --END-- [ RunTime:0.003954s ]
INFO: [ view_parse ] --START--
INFO: ParseTemplate Behavior ::run [ RunTime:0.028371s ]
INFO: [ view_parse ] --END-- [ RunTime:0.028835s ]
INFO: [ view_filter ] --START--
INFO: ContentReplace Behavior ::run [ RunTime:0.001760s ]
INFO: TokenBuild Behavior ::run [ RunTime:0.001879s ]
INFO: WriteHtmlCache Behavior ::run [ RunTime:0.001382s ]
INFO: ShowRuntime Behavior ::run [ RunTime:0.001833s ]
INFO: [ view_filter ] --END-- [ RunTime:0.007605s ]
INFO: [ view_end ] --START--
INFO: ShowPageTrace Behavior ::run [ RunTime:0.002035s ]
INFO: [ view_end ] --END-- [ RunTime:0.002288s ]

[ 2015-05-05T18:17:48+08:00 ] 0.0.0.0 /wish/index.php/Index/index/uid/1
INFO: [ route_check ] --START--
INFO: CheckRoute Behavior ::run [ RunTime:0.002855s ]
INFO: [ route_check ] --END-- [ RunTime:0.003236s ]
INFO: [ app_begin ] --START--
INFO: ReadHtmlCache Behavior ::run [ RunTime:0.001899s ]
INFO: [ app_begin ] --END-- [ RunTime:0.002194s ]
INFO: [ view_parse ] --START--
INFO: ParseTemplate Behavior ::run [ RunTime:0.025177s ]
INFO: [ view_parse ] --END-- [ RunTime:0.025548s ]
INFO: [ view_filter ] --START--
INFO: ContentReplace Behavior ::run [ RunTime:0.002113s ]
INFO: TokenBuild Behavior ::run [ RunTime:0.002333s ]
INFO: WriteHtmlCache Behavior ::run [ RunTime:0.001701s ]
INFO: ShowRuntime Behavior ::run [ RunTime:0.002062s ]
INFO: [ view_filter ] --END-- [ RunTime:0.009170s ]
INFO: [ view_end ] --START--
INFO: ShowPageTrace Behavior ::run [ RunTime:0.002786s ]
INFO: [ view_end ] --END-- [ RunTime:0.003115s ]

[ 2015-05-05T18:22:39+08:00 ] 0.0.0.0 /wish/index.php/Index/index/uid/1
INFO: [ route_check ] --START--
INFO: CheckRoute Behavior ::run [ RunTime:0.007052s ]
INFO: [ route_check ] --END-- [ RunTime:0.007556s ]
INFO: [ app_begin ] --START--
INFO: ReadHtmlCache Behavior ::run [ RunTime:0.005603s ]
INFO: [ app_begin ] --END-- [ RunTime:0.006323s ]
INFO: [ view_parse ] --START--
INFO: ParseTemplate Behavior ::run [ RunTime:0.034936s ]
INFO: [ view_parse ] --END-- [ RunTime:0.035311s ]
INFO: [ view_filter ] --START--
INFO: ContentReplace Behavior ::run [ RunTime:0.001810s ]
INFO: TokenBuild Behavior ::run [ RunTime:0.002082s ]
INFO: WriteHtmlCache Behavior ::run [ RunTime:0.002117s ]
INFO: ShowRuntime Behavior ::run [ RunTime:0.002025s ]
INFO: [ view_filter ] --END-- [ RunTime:0.008822s ]
INFO: [ view_end ] --START--
INFO: ShowPageTrace Behavior ::run [ RunTime:0.003002s ]
INFO: [ view_end ] --END-- [ RunTime:0.003422s ]

[ 2015-05-05T18:22:47+08:00 ] 0.0.0.0 /wish/index.php/Index/index/uid/1
INFO: [ route_check ] --START--
INFO: CheckRoute Behavior ::run [ RunTime:0.002021s ]
INFO: [ route_check ] --END-- [ RunTime:0.002235s ]
INFO: [ app_begin ] --START--
INFO: ReadHtmlCache Behavior ::run [ RunTime:0.001344s ]
INFO: [ app_begin ] --END-- [ RunTime:0.001540s ]
INFO: [ view_parse ] --START--
INFO: ParseTemplate Behavior ::run [ RunTime:0.017050s ]
INFO: [ view_parse ] --END-- [ RunTime:0.017278s ]
INFO: [ view_filter ] --START--
INFO: ContentReplace Behavior ::run [ RunTime:0.001468s ]
INFO: TokenBuild Behavior ::run [ RunTime:0.001359s ]
INFO: WriteHtmlCache Behavior ::run [ RunTime:0.001109s ]
INFO: ShowRuntime Behavior ::run [ RunTime:0.001523s ]
INFO: [ view_filter ] --END-- [ RunTime:0.006039s ]
INFO: [ view_end ] --START--
INFO: ShowPageTrace Behavior ::run [ RunTime:0.001707s ]
INFO: [ view_end ] --END-- [ RunTime:0.001895s ]

[ 2015-05-05T18:23:01+08:00 ] 0.0.0.0 /wish/index.php/Index/index/uid/1
INFO: [ route_check ] --START--
INFO: CheckRoute Behavior ::run [ RunTime:0.002203s ]
INFO: [ route_check ] --END-- [ RunTime:0.002426s ]
INFO: [ app_begin ] --START--
INFO: ReadHtmlCache Behavior ::run [ RunTime:0.001731s ]
INFO: [ app_begin ] --END-- [ RunTime:0.001958s ]
INFO: [ view_parse ] --START--
INFO: ParseTemplate Behavior ::run [ RunTime:0.017768s ]
INFO: [ view_parse ] --END-- [ RunTime:0.018010s ]
INFO: [ view_filter ] --START--
INFO: ContentReplace Behavior ::run [ RunTime:0.001359s ]
INFO: TokenBuild Behavior ::run [ RunTime:0.001320s ]
INFO: WriteHtmlCache Behavior ::run [ RunTime:0.001079s ]
INFO: ShowRuntime Behavior ::run [ RunTime:0.001313s ]
INFO: [ view_filter ] --END-- [ RunTime:0.005615s ]
INFO: [ view_end ] --START--
INFO: ShowPageTrace Behavior ::run [ RunTime:0.001715s ]
INFO: [ view_end ] --END-- [ RunTime:0.001900s ]

[ 2015-05-05T18:24:53+08:00 ] 0.0.0.0 /wish/index.php/Index/index/uid/1
INFO: [ route_check ] --START--
INFO: CheckRoute Behavior ::run [ RunTime:0.001604s ]
INFO: [ route_check ] --END-- [ RunTime:0.001825s ]
INFO: [ app_begin ] --START--
INFO: ReadHtmlCache Behavior ::run [ RunTime:0.001190s ]
INFO: [ app_begin ] --END-- [ RunTime:0.001382s ]
INFO: [ view_parse ] --START--
INFO: ParseTemplate Behavior ::run [ RunTime:0.016679s ]
INFO: [ view_parse ] --END-- [ RunTime:0.016899s ]
INFO: [ view_filter ] --START--
INFO: ContentReplace Behavior ::run [ RunTime:0.001333s ]
INFO: TokenBuild Behavior ::run [ RunTime:0.001386s ]
INFO: WriteHtmlCache Behavior ::run [ RunTime:0.001031s ]
INFO: ShowRuntime Behavior ::run [ RunTime:0.001225s ]
INFO: [ view_filter ] --END-- [ RunTime:0.005503s ]
INFO: [ view_end ] --START--
INFO: ShowPageTrace Behavior ::run [ RunTime:0.001617s ]
INFO: [ view_end ] --END-- [ RunTime:0.001799s ]

[ 2015-05-05T18:26:55+08:00 ] 0.0.0.0 /wish/index.php/Index/index/uid/1
INFO: [ route_check ] --START--
INFO: CheckRoute Behavior ::run [ RunTime:0.003033s ]
INFO: [ route_check ] --END-- [ RunTime:0.003507s ]
INFO: [ app_begin ] --START--
INFO: ReadHtmlCache Behavior ::run [ RunTime:0.001728s ]
INFO: [ app_begin ] --END-- [ RunTime:0.001968s ]
INFO: [ view_parse ] --START--
INFO: ParseTemplate Behavior ::run [ RunTime:0.038040s ]
INFO: [ view_parse ] --END-- [ RunTime:0.038636s ]
INFO: [ view_filter ] --START--
INFO: ContentReplace Behavior ::run [ RunTime:0.001837s ]
INFO: TokenBuild Behavior ::run [ RunTime:0.004070s ]
INFO: WriteHtmlCache Behavior ::run [ RunTime:0.001300s ]
INFO: ShowRuntime Behavior ::run [ RunTime:0.004397s ]
INFO: [ view_filter ] --END-- [ RunTime:0.012438s ]
INFO: [ view_end ] --START--
INFO: ShowPageTrace Behavior ::run [ RunTime:0.005179s ]
INFO: [ view_end ] --END-- [ RunTime:0.005460s ]

[ 2015-05-05T18:31:35+08:00 ] 0.0.0.0 /wish/index.php/Index/index/uid/1
INFO: [ route_check ] --START--
INFO: CheckRoute Behavior ::run [ RunTime:0.004287s ]
INFO: [ route_check ] --END-- [ RunTime:0.005261s ]
INFO: [ app_begin ] --START--
INFO: ReadHtmlCache Behavior ::run [ RunTime:0.002396s ]
INFO: [ app_begin ] --END-- [ RunTime:0.002773s ]
NOTIC: [2] htmlspecialchars() expects parameter 1 to be string, array given D:\wamp\www\wish\ThinkPHP\Common\common.php 第 118 行.
INFO: [ view_parse ] --START--
INFO: ParseTemplate Behavior ::run [ RunTime:0.027400s ]
INFO: [ view_parse ] --END-- [ RunTime:0.027811s ]
INFO: [ view_filter ] --START--
INFO: ContentReplace Behavior ::run [ RunTime:0.002030s ]
INFO: TokenBuild Behavior ::run [ RunTime:0.002032s ]
INFO: WriteHtmlCache Behavior ::run [ RunTime:0.001599s ]
INFO: ShowRuntime Behavior ::run [ RunTime:0.002245s ]
INFO: [ view_filter ] --END-- [ RunTime:0.008746s ]
INFO: [ view_end ] --START--
INFO: ShowPageTrace Behavior ::run [ RunTime:0.002458s ]
INFO: [ view_end ] --END-- [ RunTime:0.002737s ]

[ 2015-05-05T18:31:51+08:00 ] 0.0.0.0 /wish/index.php/Index/index/uid/1
INFO: [ route_check ] --START--
INFO: CheckRoute Behavior ::run [ RunTime:0.002664s ]
INFO: [ route_check ] --END-- [ RunTime:0.002954s ]
INFO: [ app_begin ] --START--
INFO: ReadHtmlCache Behavior ::run [ RunTime:0.001860s ]
INFO: [ app_begin ] --END-- [ RunTime:0.002390s ]
NOTIC: [2] htmlspecialchars() expects parameter 1 to be string, array given D:\wamp\www\wish\ThinkPHP\Common\common.php 第 118 行.
INFO: [ view_parse ] --START--
INFO: ParseTemplate Behavior ::run [ RunTime:0.025008s ]
INFO: [ view_parse ] --END-- [ RunTime:0.025327s ]
INFO: [ view_filter ] --START--
INFO: ContentReplace Behavior ::run [ RunTime:0.002057s ]
INFO: TokenBuild Behavior ::run [ RunTime:0.001856s ]
INFO: WriteHtmlCache Behavior ::run [ RunTime:0.001414s ]
INFO: ShowRuntime Behavior ::run [ RunTime:0.001831s ]
INFO: [ view_filter ] --END-- [ RunTime:0.007949s ]
INFO: [ view_end ] --START--
INFO: ShowPageTrace Behavior ::run [ RunTime:0.002212s ]
INFO: [ view_end ] --END-- [ RunTime:0.002467s ]

[ 2015-05-05T18:32:33+08:00 ] 0.0.0.0 /wish/index.php/Index/index/uid/1
INFO: [ route_check ] --START--
INFO: CheckRoute Behavior ::run [ RunTime:0.002194s ]
INFO: [ route_check ] --END-- [ RunTime:0.002442s ]
INFO: [ app_begin ] --START--
INFO: ReadHtmlCache Behavior ::run [ RunTime:0.001497s ]
INFO: [ app_begin ] --END-- [ RunTime:0.001712s ]

[ 2015-05-05T18:32:33+08:00 ] 0.0.0.0 /wish/index.php/Index/show/uid/1/aaa/you
INFO: [ route_check ] --START--
INFO: CheckRoute Behavior ::run [ RunTime:0.003329s ]
INFO: [ route_check ] --END-- [ RunTime:0.003699s ]
INFO: [ app_begin ] --START--
INFO: ReadHtmlCache Behavior ::run [ RunTime:0.002262s ]
INFO: [ app_begin ] --END-- [ RunTime:0.002629s ]
ERR: 非法操作:show

[ 2015-05-05T18:32:47+08:00 ] 0.0.0.0 /wish/index.php/Index/show/uid/1/aaa/you
INFO: [ route_check ] --START--
INFO: CheckRoute Behavior ::run [ RunTime:0.002777s ]
INFO: [ route_check ] --END-- [ RunTime:0.003073s ]
INFO: [ app_begin ] --START--
INFO: ReadHtmlCache Behavior ::run [ RunTime:0.001854s ]
INFO: [ app_begin ] --END-- [ RunTime:0.002097s ]
ERR: 非法操作:show

[ 2015-05-05T18:32:51+08:00 ] 0.0.0.0 /wish/index.php/Index/show/uid/1/aaa/you
INFO: [ route_check ] --START--
INFO: CheckRoute Behavior ::run [ RunTime:0.003097s ]
INFO: [ route_check ] --END-- [ RunTime:0.003471s ]
INFO: [ app_begin ] --START--
INFO: ReadHtmlCache Behavior ::run [ RunTime:0.002775s ]
INFO: [ app_begin ] --END-- [ RunTime:0.003152s ]
ERR: 非法操作:show

[ 2015-05-05T18:32:55+08:00 ] 0.0.0.0 /wish/index.php
INFO: [ app_begin ] --START--
INFO: ReadHtmlCache Behavior ::run [ RunTime:0.001363s ]
INFO: [ app_begin ] --END-- [ RunTime:0.001621s ]
INFO: [ view_parse ] --START--
INFO: ParseTemplate Behavior ::run [ RunTime:0.018550s ]
INFO: [ view_parse ] --END-- [ RunTime:0.018801s ]
INFO: [ view_filter ] --START--
INFO: ContentReplace Behavior ::run [ RunTime:0.001380s ]
INFO: TokenBuild Behavior ::run [ RunTime:0.001414s ]
INFO: WriteHtmlCache Behavior ::run [ RunTime:0.001151s ]
INFO: ShowRuntime Behavior ::run [ RunTime:0.001446s ]
INFO: [ view_filter ] --END-- [ RunTime:0.005950s ]
INFO: [ view_end ] --START--
INFO: ShowPageTrace Behavior ::run [ RunTime:0.001691s ]
INFO: [ view_end ] --END-- [ RunTime:0.001875s ]

[ 2015-05-05T18:33:04+08:00 ] 0.0.0.0 /wish/index.php
INFO: [ app_begin ] --START--
INFO: ReadHtmlCache Behavior ::run [ RunTime:0.002287s ]
INFO: [ app_begin ] --END-- [ RunTime:0.002618s ]
INFO: [ view_parse ] --START--
INFO: ParseTemplate Behavior ::run [ RunTime:0.020635s ]
INFO: [ view_parse ] --END-- [ RunTime:0.020915s ]
INFO: [ view_filter ] --START--
INFO: ContentReplace Behavior ::run [ RunTime:0.001569s ]
INFO: TokenBuild Behavior ::run [ RunTime:0.001841s ]
INFO: WriteHtmlCache Behavior ::run [ RunTime:0.001298s ]
INFO: ShowRuntime Behavior ::run [ RunTime:0.001776s ]
INFO: [ view_filter ] --END-- [ RunTime:0.007120s ]
INFO: [ view_end ] --START--
INFO: ShowPageTrace Behavior ::run [ RunTime:0.002258s ]
INFO: [ view_end ] --END-- [ RunTime:0.002480s ]

[ 2015-05-05T18:33:14+08:00 ] 0.0.0.0 /wish/index.php/admin/1
INFO: [ route_check ] --START--
INFO: CheckRoute Behavior ::run [ RunTime:0.002177s ]
INFO: [ route_check ] --END-- [ RunTime:0.002440s ]
INFO: [ app_begin ] --START--
INFO: ReadHtmlCache Behavior ::run [ RunTime:0.001400s ]
INFO: [ app_begin ] --END-- [ RunTime:0.001629s ]
ERR: 无法加载模块:admin

[ 2015-05-05T18:33:23+08:00 ] 0.0.0.0 /wish/index.php/index/show
INFO: [ route_check ] --START--
INFO: CheckRoute Behavior ::run [ RunTime:0.002183s ]
INFO: [ route_check ] --END-- [ RunTime:0.002450s ]
INFO: [ app_begin ] --START--
INFO: ReadHtmlCache Behavior ::run [ RunTime:0.001392s ]
INFO: [ app_begin ] --END-- [ RunTime:0.001618s ]
ERR: 无法加载模块:index

[ 2015-05-05T18:34:26+08:00 ] 0.0.0.0 /wish/index.php?m=Index&a=index&youku=1
INFO: [ app_begin ] --START--
INFO: ReadHtmlCache Behavior ::run [ RunTime:0.001760s ]
INFO: [ app_begin ] --END-- [ RunTime:0.002083s ]
INFO: [ view_parse ] --START--
INFO: ParseTemplate Behavior ::run [ RunTime:0.023493s ]
INFO: [ view_parse ] --END-- [ RunTime:0.023835s ]
INFO: [ view_filter ] --START--
INFO: ContentReplace Behavior ::run [ RunTime:0.001948s ]
INFO: TokenBuild Behavior ::run [ RunTime:0.002004s ]
INFO: WriteHtmlCache Behavior ::run [ RunTime:0.001621s ]
INFO: ShowRuntime Behavior ::run [ RunTime:0.002368s ]
INFO: [ view_filter ] --END-- [ RunTime:0.008749s ]
INFO: [ view_end ] --START--
INFO: ShowPageTrace Behavior ::run [ RunTime:0.002754s ]
INFO: [ view_end ] --END-- [ RunTime:0.003042s ]

[ 2015-05-05T18:34:42+08:00 ] 0.0.0.0 /wish/index.php?m=Index&a=index&youku=1
INFO: [ app_begin ] --START--
INFO: ReadHtmlCache Behavior ::run [ RunTime:0.002032s ]
INFO: [ app_begin ] --END-- [ RunTime:0.002345s ]
INFO: [ view_parse ] --START--
INFO: ParseTemplate Behavior ::run [ RunTime:0.052986s ]
INFO: [ view_parse ] --END-- [ RunTime:0.053275s ]
INFO: [ view_filter ] --START--
INFO: ContentReplace Behavior ::run [ RunTime:0.001831s ]
INFO: TokenBuild Behavior ::run [ RunTime:0.001767s ]
INFO: WriteHtmlCache Behavior ::run [ RunTime:0.001862s ]
INFO: ShowRuntime Behavior ::run [ RunTime:0.002104s ]
INFO: [ view_filter ] --END-- [ RunTime:0.008209s ]
INFO: [ view_end ] --START--
INFO: ShowPageTrace Behavior ::run [ RunTime:0.002145s ]
INFO: [ view_end ] --END-- [ RunTime:0.002483s ]

[ 2015-05-05T21:11:15+08:00 ] 0.0.0.0 /wish/index.php?m=Index&a=handle&youku=1
INFO: [ app_begin ] --START--
INFO: ReadHtmlCache Behavior ::run [ RunTime:0.001934s ]
INFO: [ app_begin ] --END-- [ RunTime:0.002234s ]
NOTIC: 建议使用I方法替代_post

[ 2015-05-05T21:11:15+08:00 ] 0.0.0.0 /wish/index.php?m=Index&a=handle&youku=1
INFO: [ app_begin ] --START--
INFO: ReadHtmlCache Behavior ::run [ RunTime:0.001220s ]
INFO: [ app_begin ] --END-- [ RunTime:0.001461s ]
NOTIC: 建议使用I方法替代_post

[ 2015-05-05T21:16:13+08:00 ] 0.0.0.0 /wish/index.php?m=Index&a=index&youku=1
INFO: [ app_begin ] --START--
INFO: ReadHtmlCache Behavior ::run [ RunTime:0.001952s ]
INFO: [ app_begin ] --END-- [ RunTime:0.002244s ]
INFO: [ view_parse ] --START--
INFO: ParseTemplate Behavior ::run [ RunTime:0.023161s ]
INFO: [ view_parse ] --END-- [ RunTime:0.023441s ]
INFO: [ view_filter ] --START--
INFO: ContentReplace Behavior ::run [ RunTime:0.001672s ]
INFO: TokenBuild Behavior ::run [ RunTime:0.001603s ]
INFO: WriteHtmlCache Behavior ::run [ RunTime:0.001351s ]
INFO: ShowRuntime Behavior ::run [ RunTime:0.001866s ]
INFO: [ view_filter ] --END-- [ RunTime:0.007235s ]
INFO: [ view_end ] --START--
INFO: ShowPageTrace Behavior ::run [ RunTime:0.002104s ]
INFO: [ view_end ] --END-- [ RunTime:0.002403s ]

[ 2015-05-05T21:18:43+08:00 ] 0.0.0.0 /wish/index.php?m=Index&a=index&youku=1
INFO: [ app_begin ] --START--
INFO: ReadHtmlCache Behavior ::run [ RunTime:0.002187s ]
INFO: [ app_begin ] --END-- [ RunTime:0.002576s ]
INFO: [ view_parse ] --START--
INFO: ParseTemplate Behavior ::run [ RunTime:0.025320s ]
INFO: [ view_parse ] --END-- [ RunTime:0.025659s ]
INFO: [ view_filter ] --START--
INFO: ContentReplace Behavior ::run [ RunTime:0.001703s ]
INFO: TokenBuild Behavior ::run [ RunTime:0.001692s ]
INFO: WriteHtmlCache Behavior ::run [ RunTime:0.001423s ]
INFO: ShowRuntime Behavior ::run [ RunTime:0.001766s ]
INFO: [ view_filter ] --END-- [ RunTime:0.007281s ]
INFO: [ view_end ] --START--
INFO: ShowPageTrace Behavior ::run [ RunTime:0.002581s ]
INFO: [ view_end ] --END-- [ RunTime:0.002894s ]

[ 2015-05-05T21:18:49+08:00 ] 0.0.0.0 /wish/index.php/Index/handle?username=%E8%AE%A2%E5%8D%95%E7%9A%84&content=%E8%AE%A2%E5%8D%95%E7%9A%84222%5B%E9%85%B7%5D
INFO: [ route_check ] --START--
INFO: CheckRoute Behavior ::run [ RunTime:0.002768s ]
INFO: [ route_check ] --END-- [ RunTime:0.003107s ]
INFO: [ app_begin ] --START--
INFO: ReadHtmlCache Behavior ::run [ RunTime:0.001797s ]
INFO: [ app_begin ] --END-- [ RunTime:0.002090s ]
NOTIC: 建议使用I方法替代_post

[ 2015-05-05T21:18:49+08:00 ] 0.0.0.0 /wish/index.php/Index/handle?username=%E8%AE%A2%E5%8D%95%E7%9A%84&content=%E8%AE%A2%E5%8D%95%E7%9A%84222%5B%E9%85%B7%5D
INFO: [ route_check ] --START--
INFO: CheckRoute Behavior ::run [ RunTime:0.002781s ]
INFO: [ route_check ] --END-- [ RunTime:0.003116s ]
INFO: [ app_begin ] --START--
INFO: ReadHtmlCache Behavior ::run [ RunTime:0.001824s ]
INFO: [ app_begin ] --END-- [ RunTime:0.002126s ]
NOTIC: 建议使用I方法替代_post

[ 2015-05-05T21:19:08+08:00 ] 0.0.0.0 /wish/index.php/Index/handle?username=%E8%AE%A2%E5%8D%95%E7%9A%84&content=%E8%AE%A2%E5%8D%95%E7%9A%84222%5B%E9%85%B7%5D
INFO: [ route_check ] --START--
INFO: CheckRoute Behavior ::run [ RunTime:0.002769s ]
INFO: [ route_check ] --END-- [ RunTime:0.003057s ]
INFO: [ app_begin ] --START--
INFO: ReadHtmlCache Behavior ::run [ RunTime:0.001669s ]
INFO: [ app_begin ] --END-- [ RunTime:0.001905s ]
NOTIC: 建议使用I方法替代_post

[ 2015-05-05T21:19:13+08:00 ] 0.0.0.0 /wish/index.php/Index/handle?username=%E8%AE%A2%E5%8D%95%E7%9A%84&content=%E8%AE%A2%E5%8D%95%E7%9A%84222%5B%E9%85%B7%5D%5B%E5%A4%AA%E5%BC%80%E5%BF%83%5D
INFO: [ route_check ] --START--
INFO: CheckRoute Behavior ::run [ RunTime:0.002937s ]
INFO: [ route_check ] --END-- [ RunTime:0.003272s ]
INFO: [ app_begin ] --START--
INFO: ReadHtmlCache Behavior ::run [ RunTime:0.001919s ]
INFO: [ app_begin ] --END-- [ RunTime:0.002220s ]
NOTIC: 建议使用I方法替代_post

[ 2015-05-05T21:19:13+08:00 ] 0.0.0.0 /wish/index.php/Index/handle?username=%E8%AE%A2%E5%8D%95%E7%9A%84&content=%E8%AE%A2%E5%8D%95%E7%9A%84222%5B%E9%85%B7%5D%5B%E5%A4%AA%E5%BC%80%E5%BF%83%5D
INFO: [ route_check ] --START--
INFO: CheckRoute Behavior ::run [ RunTime:0.002677s ]
INFO: [ route_check ] --END-- [ RunTime:0.003036s ]
INFO: [ app_begin ] --START--
INFO: ReadHtmlCache Behavior ::run [ RunTime:0.001929s ]
INFO: [ app_begin ] --END-- [ RunTime:0.002252s ]
NOTIC: 建议使用I方法替代_post

[ 2015-05-05T21:19:22+08:00 ] 0.0.0.0 /wish/index.php?m=Index&a=index&youku=1
INFO: [ app_begin ] --START--
INFO: ReadHtmlCache Behavior ::run [ RunTime:0.002558s ]
INFO: [ app_begin ] --END-- [ RunTime:0.002927s ]
INFO: [ view_parse ] --START--
INFO: ParseTemplate Behavior ::run [ RunTime:0.027573s ]
INFO: [ view_parse ] --END-- [ RunTime:0.027931s ]
INFO: [ view_filter ] --START--
INFO: ContentReplace Behavior ::run [ RunTime:0.002121s ]
INFO: TokenBuild Behavior ::run [ RunTime:0.002048s ]
INFO: WriteHtmlCache Behavior ::run [ RunTime:0.001664s ]
INFO: ShowRuntime Behavior ::run [ RunTime:0.002045s ]
INFO: [ view_filter ] --END-- [ RunTime:0.008681s ]
INFO: [ view_end ] --START--
INFO: ShowPageTrace Behavior ::run [ RunTime:0.002563s ]
INFO: [ view_end ] --END-- [ RunTime:0.002892s ]

[ 2015-05-05T21:19:27+08:00 ] 0.0.0.0 /wish/index.php/Index/handle
INFO: [ route_check ] --START--
INFO: CheckRoute Behavior ::run [ RunTime:0.002621s ]
INFO: [ route_check ] --END-- [ RunTime:0.002961s ]
INFO: [ app_begin ] --START--
INFO: ReadHtmlCache Behavior ::run [ RunTime:0.001807s ]
INFO: [ app_begin ] --END-- [ RunTime:0.002108s ]
NOTIC: 建议使用I方法替代_post

[ 2015-05-05T21:19:31+08:00 ] 0.0.0.0 /wish/index.php/Index/handle
INFO: [ route_check ] --START--
INFO: CheckRoute Behavior ::run [ RunTime:0.002537s ]
INFO: [ route_check ] --END-- [ RunTime:0.002870s ]
INFO: [ app_begin ] --START--
INFO: ReadHtmlCache Behavior ::run [ RunTime:0.001783s ]
INFO: [ app_begin ] --END-- [ RunTime:0.002072s ]
NOTIC: 建议使用I方法替代_post

[ 2015-05-05T21:30:53+08:00 ] 0.0.0.0 /wish/index.php/Index/handle
INFO: [ route_check ] --START--
INFO: CheckRoute Behavior ::run [ RunTime:0.003348s ]
INFO: [ route_check ] --END-- [ RunTime:0.003717s ]
INFO: [ app_begin ] --START--
INFO: ReadHtmlCache Behavior ::run [ RunTime:0.002380s ]
INFO: [ app_begin ] --END-- [ RunTime:0.002671s ]
NOTIC: 建议使用I方法替代_post

[ 2015-05-05T21:31:39+08:00 ] 0.0.0.0 /wish/index.php/Index/handle
INFO: [ route_check ] --START--
INFO: CheckRoute Behavior ::run [ RunTime:0.002887s ]
INFO: [ route_check ] --END-- [ RunTime:0.003218s ]
INFO: [ app_begin ] --START--
INFO: ReadHtmlCache Behavior ::run [ RunTime:0.001828s ]
INFO: [ app_begin ] --END-- [ RunTime:0.002124s ]

[ 2015-05-05T21:32:59+08:00 ] 0.0.0.0 /wish/index.php
INFO: [ app_begin ] --START--
INFO: ReadHtmlCache Behavior ::run [ RunTime:0.002109s ]
INFO: [ app_begin ] --END-- [ RunTime:0.002441s ]
INFO: [ view_parse ] --START--
INFO: ParseTemplate Behavior ::run [ RunTime:0.020595s ]
INFO: [ view_parse ] --END-- [ RunTime:0.020866s ]
INFO: [ view_filter ] --START--
INFO: ContentReplace Behavior ::run [ RunTime:0.001584s ]
INFO: TokenBuild Behavior ::run [ RunTime:0.001618s ]
INFO: WriteHtmlCache Behavior ::run [ RunTime:0.002179s ]
INFO: ShowRuntime Behavior ::run [ RunTime:0.002510s ]
INFO: [ view_filter ] --END-- [ RunTime:0.008548s ]
INFO: [ view_end ] --START--
INFO: ShowPageTrace Behavior ::run [ RunTime:0.001956s ]
INFO: [ view_end ] --END-- [ RunTime:0.002176s ]

[ 2015-05-05T21:33:04+08:00 ] 0.0.0.0 /wish/index.php
INFO: [ app_begin ] --START--
INFO: ReadHtmlCache Behavior ::run [ RunTime:0.002620s ]
INFO: [ app_begin ] --END-- [ RunTime:0.003151s ]
INFO: [ view_parse ] --START--
INFO: ParseTemplate Behavior ::run [ RunTime:0.022530s ]
INFO: [ view_parse ] --END-- [ RunTime:0.022833s ]
INFO: [ view_filter ] --START--
INFO: ContentReplace Behavior ::run [ RunTime:0.002365s ]
INFO: TokenBuild Behavior ::run [ RunTime:0.001993s ]
INFO: WriteHtmlCache Behavior ::run [ RunTime:0.001484s ]
INFO: ShowRuntime Behavior ::run [ RunTime:0.002225s ]
INFO: [ view_filter ] --END-- [ RunTime:0.008938s ]
INFO: [ view_end ] --START--
INFO: ShowPageTrace Behavior ::run [ RunTime:0.002285s ]
INFO: [ view_end ] --END-- [ RunTime:0.002523s ]

[ 2015-05-05T21:33:18+08:00 ] 0.0.0.0 /wish/index.php/Index/handle
INFO: [ route_check ] --START--
INFO: CheckRoute Behavior ::run [ RunTime:0.002772s ]
INFO: [ route_check ] --END-- [ RunTime:0.003120s ]
INFO: [ app_begin ] --START--
INFO: ReadHtmlCache Behavior ::run [ RunTime:0.001869s ]
INFO: [ app_begin ] --END-- [ RunTime:0.002161s ]

[ 2015-05-05T21:39:36+08:00 ] 0.0.0.0 /wish/index.php/Index/handle
INFO: [ route_check ] --START--
INFO: CheckRoute Behavior ::run [ RunTime:0.002580s ]
INFO: [ route_check ] --END-- [ RunTime:0.002848s ]
INFO: [ app_begin ] --START--
INFO: ReadHtmlCache Behavior ::run [ RunTime:0.001781s ]
INFO: [ app_begin ] --END-- [ RunTime:0.002030s ]

[ 2015-05-05T21:40:10+08:00 ] 0.0.0.0 /wish/index.php/Index/handle
INFO: [ route_check ] --START--
INFO: CheckRoute Behavior ::run [ RunTime:0.004290s ]
INFO: [ route_check ] --END-- [ RunTime:0.004669s ]
INFO: [ app_begin ] --START--
INFO: ReadHtmlCache Behavior ::run [ RunTime:0.002170s ]
INFO: [ app_begin ] --END-- [ RunTime:0.002477s ]

[ 2015-05-05T21:41:38+08:00 ] 0.0.0.0 /wish/index.php/Index/handle
INFO: [ route_check ] --START--
INFO: CheckRoute Behavior ::run [ RunTime:0.003700s ]
INFO: [ route_check ] --END-- [ RunTime:0.004168s ]
INFO: [ app_begin ] --START--
INFO: ReadHtmlCache Behavior ::run [ RunTime:0.002383s ]
INFO: [ app_begin ] --END-- [ RunTime:0.002692s ]

[ 2015-05-05T21:41:55+08:00 ] 0.0.0.0 /wish/index.php/Index/handle
INFO: [ route_check ] --START--
INFO: CheckRoute Behavior ::run [ RunTime:0.003010s ]
INFO: [ route_check ] --END-- [ RunTime:0.003404s ]
INFO: [ app_begin ] --START--
INFO: ReadHtmlCache Behavior ::run [ RunTime:0.002510s ]
INFO: [ app_begin ] --END-- [ RunTime:0.002828s ]

[ 2015-05-05T21:42:02+08:00 ] 0.0.0.0 /wish/index.php/Index/handle
INFO: [ route_check ] --START--
INFO: CheckRoute Behavior ::run [ RunTime:0.002824s ]
INFO: [ route_check ] --END-- [ RunTime:0.003164s ]
INFO: [ app_begin ] --START--
INFO: ReadHtmlCache Behavior ::run [ RunTime:0.001831s ]
INFO: [ app_begin ] --END-- [ RunTime:0.002122s ]

[ 2015-05-05T21:42:32+08:00 ] 0.0.0.0 /wish/index.php/Index/handle
INFO: [ route_check ] --START--
INFO: CheckRoute Behavior ::run [ RunTime:0.002600s ]
INFO: [ route_check ] --END-- [ RunTime:0.002866s ]
INFO: [ app_begin ] --START--
INFO: ReadHtmlCache Behavior ::run [ RunTime:0.001818s ]
INFO: [ app_begin ] --END-- [ RunTime:0.002075s ]

[ 2015-05-05T21:45:52+08:00 ] 0.0.0.0 /wish/index.php
INFO: [ app_begin ] --START--
INFO: ReadHtmlCache Behavior ::run [ RunTime:0.002541s ]
INFO: [ app_begin ] --END-- [ RunTime:0.002885s ]
INFO: [ view_parse ] --START--
INFO: ParseTemplate Behavior ::run [ RunTime:0.025226s ]
INFO: [ view_parse ] --END-- [ RunTime:0.025594s ]
INFO: [ view_filter ] --START--
INFO: ContentReplace Behavior ::run [ RunTime:0.002093s ]
INFO: TokenBuild Behavior ::run [ RunTime:0.001952s ]
INFO: WriteHtmlCache Behavior ::run [ RunTime:0.001641s ]
INFO: ShowRuntime Behavior ::run [ RunTime:0.002425s ]
INFO: [ view_filter ] --END-- [ RunTime:0.008926s ]
INFO: [ view_end ] --START--
INFO: ShowPageTrace Behavior ::run [ RunTime:0.002599s ]
INFO: [ view_end ] --END-- [ RunTime:0.003047s ]

